 * Serving Flask app 'telemetrix_backend'
 * Debug mode: off
Telemetrix:  Version 1.43

Copyright (c) 2021 Alan Yorinks All Rights Reserved.

Opening all potential serial ports...
	/dev/ttyACM0

Waiting 4 seconds(arduino_wait) for Arduino devices to reset...
Valid Arduino ID Found.
Arduino compatible device found and connected to /dev/ttyACM0
Waiting for Arduino to reset
Reset Complete

Retrieving Telemetrix4Arduino firmware ID...
Telemetrix4Arduino firmware version: 5.4.4
 * Serving Flask app 'telemetrix_backend'
 * Debug mode: off
Telemetrix:  Version 1.43

Copyright (c) 2021 Alan Yorinks All Rights Reserved.

Opening all potential serial ports...
	/dev/ttyACM1

Waiting 4 seconds(arduino_wait) for Arduino devices to reset...
Valid Arduino ID Found.
Arduino compatible device found and connected to /dev/ttyACM1
Waiting for Arduino to reset
Reset Complete

Retrieving Telemetrix4Arduino firmware ID...
Telemetrix4Arduino firmware version: 5.4.4
